# JRE version: OpenJDK Runtime Environment (8.0_242-b01) (build 1.8.0_242-release-1644-b01)
# Java VM: OpenJDK 64-Bit Server VM (25.242-b01 mixed mode windows-amd64 compressed oops)
Heap:
 PSYoungGen      total 605696K, used 193645K [0x00000000d5580000, 0x00000000ff100000, 0x0000000100000000)
  eden space 530944K, 35% used [0x00000000d5580000,0x00000000e0d935c0,0x00000000f5c00000)
  from space 74752K, 6% used [0x00000000fa800000,0x00000000fad08010,0x00000000ff100000)
  to   space 76288K, 0% used [0x00000000f5c00000,0x00000000f5c00000,0x00000000fa680000)
 ParOldGen       total 578560K, used 463759K [0x0000000080000000, 0x00000000a3500000, 0x00000000d5580000)
  object space 578560K, 80% used [0x0000000080000000,0x000000009c4e3ca0,0x00000000a3500000)
 Metaspace       used 116397K, capacity 122432K, committed 129192K, reserved 1161216K
  class space    used 14834K, capacity 16074K, committed 17072K, reserved 1048576K
GC Heap History (10 events):
Event: 1643.281 GC heap before
{Heap before GC invocations=156 (full 10):
 PSYoungGen      total 563200K, used 455200K [0x00000000d5580000, 0x00000000ff480000, 0x0000000100000000)
  eden space 449024K, 100% used [0x00000000d5580000,0x00000000f0c00000,0x00000000f0c00000)
  from space 114176K, 5% used [0x00000000f0c00000,0x00000000f1208020,0x00000000f7b80000)
  to   space 107520K, 0% used [0x00000000f8b80000,0x00000000f8b80000,0x00000000ff480000)
 ParOldGen       total 578560K, used 420070K [0x0000000080000000, 0x00000000a3500000, 0x00000000d5580000)
  object space 578560K, 72% used [0x0000000080000000,0x0000000099a39820,0x00000000a3500000)
 Metaspace       used 116393K, capacity 122432K, committed 129192K, reserved 1161216K
  class space    used 14833K, capacity 16074K, committed 17072K, reserved 1048576K
Event: 1643.307 GC heap after
Heap after GC invocations=156 (full 10):
 PSYoungGen      total 576512K, used 5952K [0x00000000d5580000, 0x00000000fec80000, 0x0000000100000000)
  eden space 477184K, 0% used [0x00000000d5580000,0x00000000d5580000,0x00000000f2780000)
  from space 99328K, 5% used [0x00000000f8b80000,0x00000000f9150010,0x00000000fec80000)
  to   space 100864K, 0% used [0x00000000f2780000,0x00000000f2780000,0x00000000f8a00000)
 ParOldGen       total 578560K, used 426075K [0x0000000080000000, 0x00000000a3500000, 0x00000000d5580000)
  object space 578560K, 73% used [0x0000000080000000,0x000000009a016f20,0x00000000a3500000)
 Metaspace       used 116393K, capacity 122432K, committed 129192K, reserved 1161216K
  class space    used 14833K, capacity 16074K, committed 17072K, reserved 1048576K
}
Event: 1643.705 GC heap before
{Heap before GC invocations=157 (full 10):
 PSYoungGen      total 576512K, used 483136K [0x00000000d5580000, 0x00000000fec80000, 0x0000000100000000)
  eden space 477184K, 100% used [0x00000000d5580000,0x00000000f2780000,0x00000000f2780000)
  from space 99328K, 5% used [0x00000000f8b80000,0x00000000f9150010,0x00000000fec80000)
  to   space 100864K, 0% used [0x00000000f2780000,0x00000000f2780000,0x00000000f8a00000)
 ParOldGen       total 578560K, used 426075K [0x0000000080000000, 0x00000000a3500000, 0x00000000d5580000)
  object space 578560K, 73% used [0x0000000080000000,0x000000009a016f20,0x00000000a3500000)
 Metaspace       used 116394K, capacity 122432K, committed 129192K, reserved 1161216K
  class space    used 14833K, capacity 16074K, committed 17072K, reserved 1048576K
Event: 1643.725 GC heap after
Heap after GC invocations=157 (full 10):
 PSYoungGen      total 578048K, used 5824K [0x00000000d5580000, 0x00000000ff580000, 0x0000000100000000)
  eden space 477184K, 0% used [0x00000000d5580000,0x00000000d5580000,0x00000000f2780000)
  from space 100864K, 5% used [0x00000000f2780000,0x00000000f2d30000,0x00000000f8a00000)
  to   space 94720K, 0% used [0x00000000f9900000,0x00000000f9900000,0x00000000ff580000)
 ParOldGen       total 578560K, used 431871K [0x0000000080000000, 0x00000000a3500000, 0x00000000d5580000)
  object space 578560K, 74% used [0x0000000080000000,0x000000009a5bfe08,0x00000000a3500000)
 Metaspace       used 116394K, capacity 122432K, committed 129192K, reserved 1161216K
  class space    used 14833K, capacity 16074K, committed 17072K, reserved 1048576K
}
Event: 1644.133 GC heap before
{Heap before GC invocations=158 (full 10):
 PSYoungGen      total 578048K, used 483008K [0x00000000d5580000, 0x00000000ff580000, 0x0000000100000000)
  eden space 477184K, 100% used [0x00000000d5580000,0x00000000f2780000,0x00000000f2780000)
  from space 100864K, 5% used [0x00000000f2780000,0x00000000f2d30000,0x00000000f8a00000)
  to   space 94720K, 0% used [0x00000000f9900000,0x00000000f9900000,0x00000000ff580000)
 ParOldGen       total 578560K, used 431871K [0x0000000080000000, 0x00000000a3500000, 0x00000000d5580000)
  object space 578560K, 74% used [0x0000000080000000,0x000000009a5bfe08,0x00000000a3500000)
 Metaspace       used 116394K, capacity 122432K, committed 129192K, reserved 1161216K
  class space    used 14833K, capacity 16074K, committed 17072K, reserved 1048576K
Event: 1644.155 GC heap after
Heap after GC invocations=158 (full 10):
 PSYoungGen      total 587264K, used 14256K [0x00000000d5580000, 0x00000000feb00000, 0x0000000100000000)
  eden space 503296K, 0% used [0x00000000d5580000,0x00000000d5580000,0x00000000f4100000)
  from space 83968K, 16% used [0x00000000f9900000,0x00000000fa6ec010,0x00000000feb00000)
  to   space 87040K, 0% used [0x00000000f4100000,0x00000000f4100000,0x00000000f9600000)
 ParOldGen       total 578560K, used 437543K [0x0000000080000000, 0x00000000a3500000, 0x00000000d5580000)
  object space 578560K, 75% used [0x0000000080000000,0x000000009ab49e08,0x00000000a3500000)
 Metaspace       used 116394K, capacity 122432K, committed 129192K, reserved 1161216K
  class space    used 14833K, capacity 16074K, committed 17072K, reserved 1048576K
}
Event: 1644.659 GC heap before
{Heap before GC invocations=159 (full 10):
 PSYoungGen      total 587264K, used 517552K [0x00000000d5580000, 0x00000000feb00000, 0x0000000100000000)
  eden space 503296K, 100% used [0x00000000d5580000,0x00000000f4100000,0x00000000f4100000)
  from space 83968K, 16% used [0x00000000f9900000,0x00000000fa6ec010,0x00000000feb00000)
  to   space 87040K, 0% used [0x00000000f4100000,0x00000000f4100000,0x00000000f9600000)
 ParOldGen       total 578560K, used 437543K [0x0000000080000000, 0x00000000a3500000, 0x00000000d5580000)
  object space 578560K, 75% used [0x0000000080000000,0x000000009ab49e08,0x00000000a3500000)
 Metaspace       used 116397K, capacity 122432K, committed 129192K, reserved 1161216K
  class space    used 14834K, capacity 16074K, committed 17072K, reserved 1048576K
Event: 1644.687 GC heap after
Heap after GC invocations=159 (full 10):
 PSYoungGen      total 590336K, used 12096K [0x00000000d5580000, 0x00000000ff700000, 0x0000000100000000)
  eden space 503296K, 0% used [0x00000000d5580000,0x00000000d5580000,0x00000000f4100000)
  from space 87040K, 13% used [0x00000000f4100000,0x00000000f4cd0000,0x00000000f9600000)
  to   space 80896K, 0% used [0x00000000fa800000,0x00000000fa800000,0x00000000ff700000)
 ParOldGen       total 578560K, used 451698K [0x0000000080000000, 0x00000000a3500000, 0x00000000d5580000)
  object space 578560K, 78% used [0x0000000080000000,0x000000009b91cb58,0x00000000a3500000)
 Metaspace       used 116397K, capacity 122432K, committed 129192K, reserved 1161216K
  class space    used 14834K, capacity 16074K, committed 17072K, reserved 1048576K
}
Event: 1645.129 GC heap before
{Heap before GC invocations=160 (full 10):
 PSYoungGen      total 590336K, used 515392K [0x00000000d5580000, 0x00000000ff700000, 0x0000000100000000)
  eden space 503296K, 100% used [0x00000000d5580000,0x00000000f4100000,0x00000000f4100000)
  from space 87040K, 13% used [0x00000000f4100000,0x00000000f4cd0000,0x00000000f9600000)
  to   space 80896K, 0% used [0x00000000fa800000,0x00000000fa800000,0x00000000ff700000)
 ParOldGen       total 578560K, used 451698K [0x0000000080000000, 0x00000000a3500000, 0x00000000d5580000)
  object space 578560K, 78% used [0x0000000080000000,0x000000009b91cb58,0x00000000a3500000)
 Metaspace       used 116397K, capacity 122432K, committed 129192K, reserved 1161216K
  class space    used 14834K, capacity 16074K, committed 17072K, reserved 1048576K
Event: 1645.150 GC heap after
Heap after GC invocations=160 (full 10):
 PSYoungGen      total 605696K, used 5152K [0x00000000d5580000, 0x00000000ff100000, 0x0000000100000000)
  eden space 530944K, 0% used [0x00000000d5580000,0x00000000d5580000,0x00000000f5c00000)
  from space 74752K, 6% used [0x00000000fa800000,0x00000000fad08010,0x00000000ff100000)
  to   space 76288K, 0% used [0x00000000f5c00000,0x00000000f5c00000,0x00000000fa680000)
 ParOldGen       total 578560K, used 463759K [0x0000000080000000, 0x00000000a3500000, 0x00000000d5580000)
  object space 578560K, 80% used [0x0000000080000000,0x000000009c4e3ca0,0x00000000a3500000)
 Metaspace       used 116397K, capacity 122432K, committed 129192K, reserved 1161216K
  class space    used 14834K, capacity 16074K, committed 17072K, reserved 1048576K
}

